<?xml version="1.0" encoding="UTF-8"?>
<!-- Generated by org.testng.reporters.JUnitReportReporter -->
<testsuite hostname="DESKTOP-L8VPHJS" failures="0" tests="2" name="testScripts.PutRequestSample" time="2.359" errors="0" timestamp="2022-02-07T16:37:55 IST" skipped="0">
  <testcase classname="testScripts.PutRequestSample" name="deleteUser" time="1.772"/>
  <system-out/>
  <testcase classname="testScripts.PutRequestSample" name="updateUser" time="0.587"/>
  <system-out/>
</testsuite> <!-- testScripts.PutRequestSample -->
