<?xml version="1.0" encoding="UTF-8"?>
<!-- Generated by org.testng.reporters.JUnitReportReporter -->
<testsuite hostname="DESKTOP-L8VPHJS" failures="0" tests="2" name="testScripts.GetRequestSample" time="2.705" errors="0" timestamp="2022-02-07T14:07:50 IST" skipped="0">
  <testcase classname="testScripts.GetRequestSample" name="testResponseBDD" time="1.749"/>
  <system-out/>
  <testcase classname="testScripts.GetRequestSample" name="testResponseStatus" time="0.956"/>
  <system-out/>
</testsuite> <!-- testScripts.GetRequestSample -->
