<?xml version="1.0" encoding="UTF-8"?>
<!-- Generated by org.testng.reporters.JUnitReportReporter -->
<testsuite hostname="DESKTOP-L8VPHJS" failures="0" tests="1" name="testScripts.PostRequestSample" time="1.595" errors="0" timestamp="2022-02-07T14:44:32 IST" skipped="0">
  <testcase classname="testScripts.PostRequestSample" name="postUserWithAuth" time="1.595"/>
  <system-out/>
</testsuite> <!-- testScripts.PostRequestSample -->
