<?xml version="1.0" encoding="UTF-8"?>
<!-- Generated by org.testng.reporters.JUnitReportReporter -->
<testsuite hostname="DESKTOP-L8VPHJS" failures="0" tests="3" name="testScripts.BasicAuthSample" time="1.938" errors="0" timestamp="2022-02-07T15:45:02 IST" skipped="0">
  <testcase classname="testScripts.BasicAuthSample" name="validateCountry" time="0.112"/>
  <system-out/>
  <testcase classname="testScripts.BasicAuthSample" name="getWeather" time="1.704"/>
  <system-out/>
  <testcase classname="testScripts.BasicAuthSample" name="getWeatherWithAPI" time="0.122"/>
  <system-out/>
</testsuite> <!-- testScripts.BasicAuthSample -->
